{"/Users/guyi02/Documents/dev/RnTdd/src/data/protocols/http/http-post-client.ts": {"path":"/Users/guyi02/Documents/dev/RnTdd/src/data/protocols/http/http-post-client.ts","statementMap":{},"fnMap":{},"branchMap":{},"s":{},"f":{},"b":{}}
,"/Users/guyi02/Documents/dev/RnTdd/src/data/test/mock-http-client.ts": {"path":"/Users/guyi02/Documents/dev/RnTdd/src/data/test/mock-http-client.ts","statementMap":{"0":{"start":{"line":6,"column":4},"end":{"line":6,"column":19}},"1":{"start":{"line":7,"column":4},"end":{"line":7,"column":29}}},"fnMap":{"0":{"name":"(anonymous_0)","decl":{"start":{"line":5,"column":2},"end":{"line":5,"column":3}},"loc":{"start":{"line":5,"column":41},"end":{"line":8,"column":3}},"line":5}},"branchMap":{},"s":{"0":1,"1":1},"f":{"0":1},"b":{},"_coverageSchema":"1a1c01bbd47fc00a2c39e90264f33305004495a9","hash":"0e136ce214fca629f2ff9963aef95b6f6fae999f"}
,"/Users/guyi02/Documents/dev/RnTdd/src/data/usecases/authentication/remote-authentication.ts": {"path":"/Users/guyi02/Documents/dev/RnTdd/src/data/usecases/authentication/remote-authentication.ts","statementMap":{"0":{"start":{"line":10,"column":4},"end":{"line":10,"column":45}}},"fnMap":{"0":{"name":"(anonymous_0)","decl":{"start":{"line":4,"column":2},"end":{"line":4,"column":3}},"loc":{"start":{"line":7,"column":4},"end":{"line":7,"column":6}},"line":7},"1":{"name":"(anonymous_1)","decl":{"start":{"line":9,"column":2},"end":{"line":9,"column":3}},"loc":{"start":{"line":9,"column":30},"end":{"line":11,"column":3}},"line":9}},"branchMap":{},"s":{"0":1},"f":{"0":1,"1":1},"b":{},"_coverageSchema":"1a1c01bbd47fc00a2c39e90264f33305004495a9","hash":"47610a70b36d2262a079173d1e8a4ace30b046ff"}
,"/Users/guyi02/Documents/dev/RnTdd/src/domain/models/account-model.ts": {"path":"/Users/guyi02/Documents/dev/RnTdd/src/domain/models/account-model.ts","statementMap":{},"fnMap":{},"branchMap":{},"s":{},"f":{},"b":{}}
,"/Users/guyi02/Documents/dev/RnTdd/src/domain/usecases/authentication.ts": {"path":"/Users/guyi02/Documents/dev/RnTdd/src/domain/usecases/authentication.ts","statementMap":{},"fnMap":{},"branchMap":{},"s":{},"f":{},"b":{}}
}
